<?xml version="1.0" encoding="UTF-8"?>
<!-- Generated by org.testng.reporters.JUnitXMLReporter -->
<testsuite ignored="0" hostname="Akshay" failures="1" tests="12" name="Test" time="0.182" errors="0" timestamp="2023-02-06T16:58:34 IST">
  <testcase classname="testpack.TestNGClass2" name="testA" time="0.016">
    <failure type="java.lang.AssertionError" message="expected [Facebook - log in or sign up] but found [log in or sign up]">
      <![CDATA[java.lang.AssertionError: expected [Facebook - log in or sign up] but found [log in or sign up]
at testpack.TestNGClass2.testA(TestNGClass2.java:46)
at java.base/java.util.ArrayList.forEach(ArrayList.java:1511)
... Removed 31 stack frames]]>
    </failure>
  </testcase> <!-- testA -->
  <testcase classname="testpack.TestNGClass2" name="testB" time="0.003"/>
  <testcase classname="testpack.TestNGClass2" name="testC" time="0.002"/>
  <testcase classname="testpack.TestNGClass2" name="testD" time="0.003"/>
  <testcase classname="testpack.Automation" name="test1" time="0.002"/>
  <testcase classname="testpack.Automation" name="test2" time="0.002"/>
  <testcase classname="testpack.Automation" name="test3" time="0.002"/>
  <testcase classname="testpack.Automation" name="test4" time="0.007"/>
  <testcase classname="testpack.TestNGClass" name="testA" time="0.002"/>
  <testcase classname="testpack.TestNGClass" name="testB" time="0.002"/>
  <testcase classname="testpack.TestNGClass" name="testC" time="0.003"/>
  <testcase classname="testpack.TestNGClass" name="testD" time="0.003"/>
</testsuite> <!-- Test -->
