<?xml version="1.0" encoding="UTF-8"?>
<!-- Generated by org.testng.reporters.JUnitXMLReporter -->
<testsuite ignored="0" hostname="Akshay" failures="0" tests="8" name="FirefoxTest" time="0.19" errors="0" timestamp="2023-02-04T16:07:06 IST">
  <testcase classname="testpack.TestNGClass" name="testA" time="0.019"/>
  <testcase classname="testpack.TestNGClass" name="testB" time="0.004"/>
  <testcase classname="testpack.TestNGClass" name="testC" time="0.003"/>
  <testcase classname="testpack.TestNGClass" name="testD" time="0.002"/>
  <testcase classname="testpack.Automation" name="test1" time="0.004"/>
  <testcase classname="testpack.Automation" name="test2" time="0.007"/>
  <testcase classname="testpack.Automation" name="test3" time="0.002"/>
  <testcase classname="testpack.Automation" name="test4" time="0.002"/>
</testsuite> <!-- FirefoxTest -->
