<?xml version="1.0" encoding="UTF-8"?>
<!-- Generated by org.testng.reporters.JUnitXMLReporter -->
<testsuite ignored="2" hostname="Akshay" failures="0" tests="6" name="Test" time="0.112" errors="0" timestamp="2023-02-07T14:34:44 IST">
  <testcase classname="testpack.TestNGClass" name="testA" time="0.01"/>
  <testcase classname="testpack.TestNGClass" name="testC" time="0.002"/>
  <testcase classname="testpack.Automation" name="test1" time="0.002"/>
  <testcase classname="testpack.Automation" name="test2" time="0.002"/>
  <testcase classname="testpack.Automation" name="test3" time="0.002"/>
  <testcase classname="testpack.Automation" name="test4" time="0.002"/>
  <testcase classname="testpack.TestNGClass" name="testD" time="0.0">
    <ignored/>
  </testcase> <!-- testD -->
  <testcase classname="testpack.TestNGClass" name="testB" time="0.0">
    <ignored/>
  </testcase> <!-- testB -->
</testsuite> <!-- Test -->
